<?xml version="1.0" encoding="UTF-8"?>
<!-- Generated by org.testng.reporters.JUnitReportReporter -->
<testsuite hostname="LAPTOP-UI15MA6D" name="Day_1.Annotation" tests="2" failures="0" timestamp="27 Aug 2016 21:01:54 GMT" time="0.008" errors="0">
  <testcase name="AOpeningBrowser" time="0.005" classname="Day_1.Annotation"/>
  <testcase name="FlightBooking" time="0.003" classname="Day_1.Annotation"/>
</testsuite> <!-- Day_1.Annotation -->
