<?xml version="1.0" encoding="UTF-8"?>
<!-- Generated by org.testng.reporters.JUnitReportReporter -->
<testsuite hostname="LAPTOP-UI15MA6D" name="Day_1.Example1" tests="1" failures="0" timestamp="27 Aug 2016 19:34:42 GMT" time="0.013" errors="0">
  <testcase name="OpenBrowser" time="0.013" classname="Day_1.Example1"/>
</testsuite> <!-- Day_1.Example1 -->
